H49284
H:14915
H:14916
H:14917
H:14918
H:14919
H:14920
H:14921
H:14922
H:14923
H:14924
H:14925
H:14926
H:14927
H:14928
H
H:14915
H:14916
H:14917
H:14918
H:14919
H:14920
H:14921
H:14922
H:14923
H:14924
H:14925
H:14926
H:14927
H:14928
H:14929
H:14930
H:14931
H:14932
H:14933
H:14934
H:14935
H:14936
H:14937
H:14938
H:14939
H:14940
H:14941
H:14942
H:14943
H:14944
H:14945
H:14946
H:14947
H:14948
H:14949
H:14950
H:14951
H:14952
H:14953
H:14954
H:14955
H:14956
H:14957
H:14958
H:14959
H:14960
H:14961
H:14962
H:14963
H:14964
H:14965
H:14966
H:14967
H:14968
H:14969
H:14970
H:14971
H:14972
H:14973
H:14974
H:14975
H:14976
H:14977
H:14978
H:14979
H:14980
H:14981
H:14982
H:14983
H:14984
H:14985
H:14986
H:14987
H:14988
H:14989
H:14990
H:14991
H:14992
H:14993
H:14994
H:14995
H:14996
H:14997
H:14998
H:14999
H:15000
H:15001
H:15002
H:15003
H:15004
H:15005
H:15006
H:15007
H:15008
H:15009
H:15010
H:15011
H:15012
H:15013
H:15014
H:15015
H:15016
H:15017
H:15018
H:15019
H:15020
H:15021
H:15022
H:15023
H:15024
H:15025
H:15026
H:15027
H:15028
H:15029
H:15030
H:15031
H:15032
H:15033
H:15034
H:15035
H:15036
H:15037
H:15038
H:15039
H:15040
H:15041
H:15042
H:15043
H:15044
H:15045
H:15046
H:15047
H:15048
H:15049
H:15050
H:15051
H:15052
H:15053
H:15054
H:15055
H:15056
H:15057
H:15058
H:15059
H:15060
H:15061
H:15062
H:15063
H:15064
H:15065
H:15066
H:15067
H:15068
H:15069
H:15070
H:15071
H:15072
H:15073
H:15074
H:15075
H:15076
H:15077
H:15078
H:15079
H:15080
H:15081
H:15082
H:15083
H:15084
H:15085
H:15086
H:15087
H:15088
H:15089
H:15090
H:15091
H:15092
H:15093
H:15094
H:15095
H:15096
H:15097
H:15098
H:15099
H:15100
H:15101
H:15102
H:15103
H:15104
H:15105
H:15106
H:15107
H:15108
H:15109
H:15110
H:15111
H:15112
H:15113
H:15114
H:15115
H:15116
H:15117
H:15118
H:15119
H:15120
H:15121
H:15122
H:15123
H:15124
H:15125
H:15126
H:15127
H:15128
H:15129
H:15130
H:15131
H:15132
H:15133
H:15134
H:15135
H:15136
H:15137
H:15138
H:15139
H:15140
H:15141
H:15142
H:15143
H:15144
H:15145
H:15146
H:15147
H:15148
H:15149
H:15150
H:15151
H:15152
H:15153
H:15154
H:15155
H:15156
H:15157
H:15158
H:15159
H:15160
H:15161
H:15162
H:15163
H:15164
H:15165
H:15166
H:15167
H:15168
H:15169
H:15170
H:15171
H:15172
H:15173
H:15174
H:15175
H:15176
H:15177
H:15178
H:15179
H:15180
H:15181
H:15182
H:15183
H:15184
H:15185
H:15186
H:15187
H:15188
H:15189
H:15190
H:15191
H:15192
H:15193
H:15194
H:15195
H:15196
H:15197
H:15198
H:15199
H:15200
H:15201
H:15202
H:15203
H:15204
H:15205
H:15206
H:15207
H:15208
H:15209
H:15210
H:15211
H:15212
H:15213
H:15214
H:15215
H:15216
H:15217
H:15218
H:15219
H:15220
H:15221
H:15222
H:15223
H:15224
H:15225
H:15226
H:15227
H:15228
H:15229
H:15230
H:15231
H:15232
H:15233
H:15234
H:15235
H:15236
H:15237
H:15238
H:15239
H:15240
H:15241
H:15242
H:15243
H:15244
H:15245
H:15246
H:15247
H:15248
H:15249
HellH:15250
o fH:15251
romH:15252
 thH:15253
reaH:15254
d 1H:15255

HH:15256
ellH:15257
o fH:15258
romH:15259
 thH:15260
reaH:15261
d 2H:15262

HH:15263
ellH:15264
o fH:15265
romH:15266
 thH:15267
reaH:15268
d 0H:15269

H:15270
H:15271
H:15272
H:15273
H:15274
H:15275
H:15276
H:15277
H:15278
H:15279
H:15280
H:15281
H:15282
H:15283
H:15284
H:15285
H:15286
H:15287
H:15288
H:15289
H:15290
H:15291
H:15292
H:15293
H:15294
H:15295
H:15296
H:15297
H:15298
H:15299
H:15300
H:15301
H:15302
H:15303
H:15304
H:15305
H:15306
H:15307
H:15308
H:15309
H:15310
H:15311
H:15312
H:15313
H:15314
H:15315
H:15316
H:15317
H:15318
H:15319
H:15320
H:15321
H:15322
H:15323
H:15324
H:15325
H:15326
H:15327
H:15328
H:15329
H:15330
H:15331
H:15332
H:15333
H:15334
H:15335
H:15336
H:15337
H:15338
H:15339
H:15340
H:15341
H:15342
H:15343
H:15344
H:15345
H:15346
H:15347
H:15348
H:15349
H:15350
H:15351
H:15352
H:15353
H:15354
H:15355
H:15356
H:15357
H:15358
H:15359
H:15360
H:15361
H:15362
H:15363
H:15364
H:15365
H:15366
H:15367
H:15368
H:15369
H:15370
H:15371
H:15372
H:15373
H:15374
H:15375
H:15376
H:15377
H:15378
H:15379
H:15380
H:15381
H:15382
H:15383
H:15384
H:15385
H:15386
H:15387
H:15388
H:15389
H:15390
H:15391
H:15392
H:15393
H:15394
H:15395
H:15396
H:15397
H:15398
H:15399
H:15400
H:15401
H:15402
H:15403
H:15404
H:15405
H:15406
H:15407
H:15408
H:15409
H:15410
H:15411
H:15412
H:15413
H:15414
H:15415
H:15416
H:15417
H:15418
H:15419
H:15420
H:15421
H:15422
H:15423
H:15424
H:15425
H:15426
H:15427
H:15428
H:15429
H:15430
H:15431
H:15432
H:15433
H:15434
H:15435
H:15436
H:15437
H:15438
H:15439
H:15440
H:15441
H:15442
H:15443
H:15444
H:15445
H:15446
H:15447
H:15448
H:15449
H:15450
H:15451
H:15452
H:15453
H:15454
H:15455
H:15456
H:15457
H:15458
H:15459
H:15460
H:15461
H:15462
H:15463
H:15464
H:15465
H:15466
H:15467
H:15468
H:15469
H:15470
H:15471
H:15472
H:15473
H:15474
H:15475
H:15476
H:15477
H:15478
H:15479
H:15480
H:15481
H:15482
H:15483
H:15484
H:15485
H:15486
H:15487
H:15488
H:15489
H:15490
H:15491
H:15492
H:15493
H:15494
H:15495
H:15496
H:15497
H:15498
H:15499
H:15500
H:15501
H:15502
H:15503
H:15504
H:15505
H:15506
H:15507
H:15508
H:15509
H:15510
H:15511
H:15512
H:15513
H:15514
H:15515
H:15516
H:15517
H:15518
H:15519
H:15520
H:15521
H:15522
H:15523
H:15524
H:15525
H:15526
H:15527
H:15528
H:15529
H:15530
H:15531
H:15532
H:15533
H:15534
H:15535
H:15536
H:15537
H:15538
H:15539
H:15540
H:15541
H:15542
H:15543
H:15544
H:15545
H:15546
H:15547
H:15548
H:15549
H:15550
H:15551
H:15552
H:15553
H:15554
H:15555
H:15556
H:15557
H:15558
H:15559
H:15560
H:15561
H:15562
H:15563
H:15564
H:15565
H:15566
H:15567
H:15568
H:15569
H:15570
H:15571
H:15572
H:15573
H:15574
H:15575
H:15576
H:15577
H:15578
H:15579
H:15580
H:15581
H:15582
H:15583
H:15584
H:15585
H:15586
H:15587
H:15588
H:15589
H:15590
H:15591
H:15592
H:15593
H:15594
H:15595
H:15596
H:15597
H:15598
H:15599
H:15600
H:15601
H:15602
H:15603
H:15604
H:15605
H:15606
H:15607
H:15608
H:15609
H:15610
H:15611
H:15612
H:15613
H:15614
H:15615
H:15616
H:15617
H:15618
H:15619
H:15620
H:15621
H:15622
H:15623
H:15624
H:15625
H:15626
H:15627
H:15628
H:15629
H:15630
H:15631
H:15632
H:15633
H:15634
H:15635
H:15636
H:15637
H:15638
H:15639
H:15640
H:15641
H:15642
H:15643
H:15644
H:15645
H:15646
H:15647
H:15648
H:15649
H:15650
H:15651
H:15652
H:15653
H:15654
H:15655
H:15656
H:15657
H:15658
H:15659
H:15660
H:15661
H:15662
H:15663
H:15664
H:15665
H:15666
H:15667
H:15668
H:15669
H:15670
H:15671
H:15672
H:15673
H:15674
H:15675
H:15676
H:15677
H:15678
H:15679
H:15680
H:15681
H:15682
H:15683
H:15684
H:15685
H:15686
H:15687
H:15688
H:15689
H:15690
H:15691
H:15692
H:15693
H:15694
H:15695
H:15696
H:15697
H:15698
H:15699
H:15700
H:15701
H:15702
H:15703
H:15704
H:15705
H:15706
H:15707
H:15708
H:15709
H:15710
H:15711
H:15712
H:15713
H:15714
H:15715
H:15716
H:15717
H:15718
H:15719
H:15720
H:15721
H:15722
H:15723
H:15724
H:15725
H:15726
H:15727
H:15728
H:15729
H:15730
H:15731
H:15732
H:15733
H:15734
H:15735
H:15736
H:15737
H:15738
H:15739
H:15740
H:15741
H:15742
H:15743
H:15744
H:15745
H:15746
H:15747
H:15748
H:15749
H:15750
H:15751
H:15752
H:15753
H:15754
H:15755
H:15756
H:15757
H:15758
H:15759
H:15760
H:15761
H:15762
H:15763
H:15764
H:15765
H:15766
H:15767
H:15768
H:15769
H:15770
H:15771
H:15772
H:15773
H:15774
H:15775
H:15776
H:15777
H:15778
H:15779
H:15780
H:15781
H:15782
H:15783
H:15784
H:15785
H:15786
H:15787
H:15788
H:15789
H:15790
H:15791
H:15792
H:15793
H:15794
H:15795
H:15796
H:15797
H:15798
H:15799
H:15800
H:15801
H:15802
H:15803
H:15804
H:15805
H:15806
H:15807
H:15808
H:15809
H:15810
H:15811
H:15812
H:15813
H:15814
H:15815
H:15816
H:15817
H:15818
H:15819
H:15820
H:15821
H:15822
H:15823
H:15824
H:15825
H:15826
H:15827
H:15828
H:15829
H:15830
H:15831
H:15832
H:15833
H:15834
H:15835
H:15836
H:15837
H:15838
H:15839
H:15840
H:15841
H:15842
H:15843
H:15844
H:15845
H:15846
H:15847
H:15848
H:15849
H:15850
H:15851
H:15852
H:15853
H:15854
H:15855
H:15856
H:15857
H:15858
H:15859
H:15860
H:15861
H:15862
H:15863
H:15864
H:15865
H:15866
H:15867
H:15868
H:15869
H:15870
H:15871
H:15872
H:15873
H:15874
H:15875
H:15876
H:15877
H:15878
H:15879
H:15880
H:15881
H:15882
H:15883
H:15884
H:15885
H:15886
H:15887
H:15888
H:15889
H:15890
H:15891
H:15892
H:15893
H:15894
H:15895
H:15896
H:15897
H:15898
H:15899
H:15900
H:15901
H:15902
H:15903
H:15904
H:15905
H:15906
H:15907
H:15908
H:15909
H:15910
H:15911
H:15912
H:15913
H:15914
H:15915
H:15916
H:15917
H:15918
H:15919
H:15920
H:15921
H:15922
H:15923
H:15924
H:15925
H:15926
H:15927
H:15928
H:15929
H:15930
H:15931
H:15932
H:15933
H:15934
H:15935
H:15936
H:15937
H:15938
H:15939
H:15940
H:15941
H:15942
H:15943
H:15944
H:15945
H:15946
H:15947
H:15948
H:15949
H:15950
H:15951
H:15952
H:15953
H:15954
H:15955
H:15956
H:15957
H:15958
H:15959
H:15960
H:15961
H:15962
H:15963
H:15964
H:15965
H:15966
H:15967
H:15968
H:15969
H:15970
H:15971
H:15972
H:15973
H:15974
H:15975
H:15976
H:15977
H:15978
H:15979
H:15980
H:15981
H:15982
H:15983
H:15984
H:15985
H:15986
H:15987
H:15988
H:15989
H:15990
H:15991
H:15992
H:15993
H:15994
H:15995
H:15996
H:15997
H:15998
H:15999
H:16000
H:16001
H:16002
H:16003
H:16004
H:16005
H:16006
H:16007
H:16008
H:16009
H:16010
H:16011
H:16012
H:16013
H:16014
H:16015
H:16016
H:16017
H:16018
H:16019
H:16020
H:16021
H:16022
H:16023
H:16024
H:16025
H:16026
H:16027
H:16028
H:16029
H:16030
H:16031
H:16032
H:16033
H:16034
H:16035
H:16036
H:16037
H:16038
H:16039
H:16040
H:16041
H:16042
H:16043
H:16044
H:16045
H:16046
H:16047
H:16048
H:16049
H:16050
H:16051
H:16052
H:16053
H:16054
H:16055
H:16056
H:16057
H:16058
H:16059
H:16060
H:16061
H:16062
H:16063
H:16064
H:16065
H:16066
H:16067
H:16068
H:16069
H:16070
H:16071
H:16072
H:16073
H:16074
H:16075
H:16076
H:16077
H:16078
H:16079
H:16080
H:16081
H:16082
H:16083
H:16084
H:16085
H:16086
H:16087
H:16088
H:16089
H:16090
H:16091
H:16092
H:16093
H:16094
H:16095
H:16096
H:16097
H:16098
H:16099
H:16100
H:16101
H:16102
H:16103
H:16104
H:16105
H:16106
H:16107
H:16108
H:16109
H:16110
H:16111
H:16112
H:16113
H:16114
H:16115
H:16116
H:16117
H:16118
H:16119
H:16120
H:16121
H:16122
H:16123
H:16124
H:16125
H:16126
H:16127
H:16128
H:16129
H:16130
H:16131
H:16132
H:16133
H:16134
H:16135
H:16136
H:16137
H:16138
H:16139
H:16140
H:16141
H:16142
H:16143
H:16144
H:16145
H:16146
H:16147
H:16148
H:16149
H:16150
H:16151
H:16152
H:16153
H:16154
H:16155
H:16156
H:16157
H:16158
H:16159
H:16160
H:16161
H:16162
H:16163
H:16164
H:16165
H:16166
H:16167
H:16168
H:16169
H:16170
H:16171
H:16172
H:16173
H:16174
H:16175
H:16176
H:16177
H:16178
H:16179
H:16180
H:16181
H:16182
H:16183
H:16184
H:16185
H:16186
H:16187
H:16188
H:16189
H:16190
H:16191
H:16192
H:16193
H:16194
H:16195
H:16196
H:16197
H:16198
H:16199
H:16200
H:16201
H:16202
H:16203
H:16204
H:16205
H:16206
H:16207
H:16208
H:16209
H:16210
H:16211
H:16212
H:16213
H:16214
H:16215
H:16216
H:16217
H:16218
H:16219
H:16220
H:16221
H:16222
H:16223
H:16224
H:16225
H:16226
H:16227
H:16228
H:16229
H:16230
H:16231
H:16232
H:16233
H:16234
H:16235
H:16236
H:16237
H:16238
H:16239
H:16240
H:16241
H:16242
H:16243
H:16244
H:16245
H:16246
H:16247
H:16248
H:16249
H:16250
H:16251
H:16252
H:16253
H:16254
H:16255
H:16256
H:16257
H:16258
H:16259
H:16260
H:16261
H:16262
H:16263
H:16264
H:16265
H:16266
H:16267
H:16268
H:16269
H:16270
H:16271
H:16272
H:16273
H:16274
H:16275
H:16276
H:16277
H:16278
H:16279
H:16280
H:16281
H:16282
H:16283
H:16284
H:16285
H:16286
H:16287
H:16288
H:16289
H:16290
H:16291
H:16292
H:16293
H:16294
H:16295
H:16296
H:16297
H:16298
H:16299
H:16300
H:16301
H:16302
H:16303
H:16304
H:16305
H:16306
H:16307
H:16308
H:16309
H:16310
H:16311
H:16312
H:16313
H:16314
H:16315
H:16316
H:16317
H:16318
H:16319
H:16320
H:16321
H:16322
H:16323
H:16324
H:16325
H:16326
H:16327
H:16328
H:16329
H:16330
H:16331
H:16332
H:16333
H:16334
H:16335
H:16336
H:16337
H:16338
H:16339
H:16340
H:16341
H:16342
H:16343
H:16344
H:16345
H:16346
H:16347
H:16348
H:16349
H:16350
H:16351
H:16352
H:16353
H:16354
H:16355
H:16356
H:16357
H:16358
H:16359
H:16360
H:16361
H:16362
H:16363
H:16364
H:16365
H:16366
H:16367
H:16368
H:16369
H:16370
H:16371
H:16372
H:16373
H:16374
H:16375
H:16376
H:16377
H:16378
H:16379
H:16380
H:16381
H:16382
H:16383
H:16384
H:16385
H:16386
H:16387
H:16388
H:16389
H:16390
H:16391
H:16392
H:16393
H:16394
H:16395
H:16396
H:16397
H:16398
H:16399
H:16400
H:16401
H:16402
H:16403
H:16404
H:16405
H:16406
H:16407
H:16408
H:16409
H:16410
H:16411
H:16412
H:16413
H:16414
H:16415
H:16416
H:16417
H:16418
H:16419
H:16420
H:16421
H:16422
H:16423
H:16424
H:16425
H:16426
H:16427
H:16428
H:16429
H:16430
H:16431
H:16432
H:16433
H:16434
H:16435
H:16436
H:16437
H:16438
H:16439
H:16440
H:16441
H:16442
H:16443
H:16444
H:16445
H:16446
H:16447
H:16448
H:16449
H:16450
H:16451
H:16452
H:16453
H:16454
H:16455
H:16456
H:16457
H:16458
H:16459
H:16460
H:16461
H:16462
H:16463
H:16464
H:16465
H:16466
H:16467
H:16468
H:16469
H:16470
H:16471
H:16472
H:16473
H:16474
H:16475
H:16476
H:16477
H:16478
H:16479
H:16480
H:16481
H:16482
H:16483
H:16484
H:16485
H:16486
H:16487
H:16488
H:16489
H:16490
H:16491
H:16492
H:16493
H:16494
H:16495
H:16496
H:16497
H:16498
H:16499
H:16500
H:16501
H:16502
H:16503
H:16504
HelH:16505
lo H:16506
froH:16507
m tH:16508
hreaH:16509
d 1H:16510

HH:16511
ellH:16512
o fH:16513
romH:16514
 thH:16515
reaH:16516
d 2H:16517

HH:16518
ellH:16519
o fH:16520
romH:16521
 thH:16522
reaH:16523
d 0H:16524

H:16525
H:16526
H:16527
H:16528
H:16529
H:16530
H:16531
H:16532
H:16533
H:16534
H:16535
H:16536
H:16537
H:16538
H:16539
H:16540
H:16541
H:16542
H:16543
H:16544
H:16545
H:16546
H:16547
H:16548
H:16549
H:16550
H:16551
H:16552
H:16553
H:16554
H:16555
H:16556
H:16557
H:16558
H:16559
H:16560
H:16561
H:16562
H:16563
H:16564
H:16565
H:16566
H:16567
H:16568
H:16569
H:16570
H:16571
H:16572
H:16573
H:16574
H:16575
H:16576
H:16577
H:16578
H:16579
H:16580
H:16581
H:16582
H:16583
H:16584
H:16585
H:16586
H:16587
H:16588
H:16589
H:16590
H:16591
H:16592
H:16593
H:16594
H:16595
H:16596
H:16597
H:16598
H:16599
H:16600
H:16601
H:16602
H:16603
H:16604
H:16605
H:16606
H:16607
H:16608
H:16609
H:16610
H:16611
H:16612
H:16613
H:16614
H:16615
H:16616
H:16617
H:16618
H:16619
H:16620
H:16621
H:16622
H:16623
H:16624
H:16625
H:16626
H:16627
H:16628
H:16629
H:16630
H:16631
H:16632
H:16633
H:16634
H:16635
H:16636
H:16637
H:16638
H:16639
H:16640
H:16641
H:16642
H:16643
H:16644
H:16645
H:16646
H:16647
H:16648
H:16649
H:16650
H:16651
H:16652
H:16653
H:16654
H:16655
H:16656
H:16657
H:16658
H:16659
H:16660
H:16661
H:16662
H:16663
H:16664
H:16665
H:16666
H:16667
H:16668
H:16669
H:16670
H:16671
H:16672
H:16673
H:16674
H:16675
H:16676
H:16677
H:16678
H:16679
H:16680
H:16681
H:16682
H:16683
H:16684
H:16685
H:16686
H:16687
H:16688
H:16689
H:16690
H:16691
H:16692
H:16693
H:16694
H:16695
H:16696
H:16697
H:16698
H:16699
H:16700
H:16701
H:16702
H:16703
H:16704
H:16705
H:16706
H:16707
H:16708
H:16709
H:16710
H:16711
H:16712
H:16713
H:16714
H:16715
H:16716
H:16717
H:16718
H:16719
H:16720
H:16721
H:16722
H:16723
H:16724
H:16725
H:16726
H:16727
H:16728
H:16729
H:16730
H:16731
H:16732
H:16733
H:16734
H:16735
H:16736
H:16737
H:16738
H:16739
H:16740
H:16741
H:16742
H:16743
H:16744
H:16745
H:16746
H:16747
H:16748
H:16749
H:16750
H:16751
H:16752
H:16753
H:16754
H:16755
H:16756
H:16757
H:16758
H:16759
H:16760
H:16761
H:16762
H:16763
H:16764
H:16765
H:16766
H:16767
H:16768
H:16769
H:16770
H:16771
H:16772
H:16773
H:16774
H:16775
H:16776
H:16777
H:16778
H:16779
H:16780
H:16781
H:16782
H:16783
H:16784
H:16785
H:16786
H:16787
H:16788
H:16789
H:16790
H:16791
H:16792
H:16793
H:16794
H:16795
H:16796
H:16797
H:16798
H:16799
H:16800
H:16801
H:16802
H:16803
H:16804
H:16805
H:16806
H:16807
H:16808
H:16809
H:16810
H:16811
H:16812
H:16813
H:16814
H:16815
H:16816
H:16817
H:16818
H:16819
H:16820
H:16821
H:16822
H:16823
H:16824
H:16825
H:16826
H:16827
H:16828
H:16829
H:16830
H:16831
H:16832
H:16833
H:16834
H:16835
H:16836
H:16837
H:16838
H:16839
H:16840
H:16841
H:16842
H:16843
H:16844
H:16845
H:16846
H:16847
H:16848
H:16849
H:16850
H:16851
H:16852
H:16853
H:16854
H:16855
H:16856
H:16857
H:16858
H:16859
H:16860
H:16861
H:16862
H:16863
H:16864
H:16865
H:16866
H:16867
H:16868
H:16869
H:16870
H:16871
H:16872
H:16873
H:16874
H:16875
H:16876
H:16877
H:16878
H:16879
H:16880
H:16881
H:16882
H:16883
H:16884
H:16885
H:16886
H:16887
H:16888
H:16889
H:16890
H:16891
H:16892
H:16893
H:16894
H:16895
H:16896
H:16897
H:16898
H:16899
H:16900
H:16901
H:16902
H:16903
H:16904
H:16905
H:16906
H:16907
H:16908
H:16909
H:16910
H:16911
H:16912
H:16913
H:16914
H:16915
H:16916
H:16917
H:16918
H:16919
H:16920
H:16921
H:16922
H:16923
H:16924
H:16925
H:16926
H:16927
H:16928
H:16929
H:16930
H:16931
H:16932
H:16933
H:16934
H:16935
H:16936
H:16937
H:16938
H:16939
H:16940
H:16941
H:16942
H:16943
H:16944
H:16945
H:16946
H:16947
H:16948
H:16949
H:16950
H:16951
H:16952
H:16953
H:16954
H:16955
H:16956
H:16957
H:16958
H:16959
H:16960
H:16961
H:16962
H:16963
H:16964
H:16965
H:16966
H:16967
H:16968
H:16969
H:16970
H:16971
H:16972
H:16973
H:16974
H:16975
H:16976
H:16977
H:16978
H:16979
H:16980
H:16981
H:16982
H:16983
H:16984
H:16985
H:16986
H:16987
H:16988
H:16989
H:16990
H:16991
H:16992
H:16993
H:16994
H:16995
H:16996
H:16997
H:16998
H:16999
H:17000
H:17001
H:17002
H:17003
H:17004
H:17005
H:17006
H:17007
H:17008
H:17009
H:17010
H:17011
H:17012
H:17013
H:17014
H:17015
H:17016
H:17017
H:17018
H:17019
H:17020
H:17021
H:17022
H:17023
H:17024
H:17025
H:17026
H:17027
H:17028
H:17029
H:17030
H:17031
H:17032
H:17033
H:17034
H:17035
H:17036
H:17037
H:17038
H:17039
H:17040
H:17041
H:17042
H:17043
H:17044
H:17045
H:17046
H:17047
H:17048
H:17049
H:17050
H:17051
H:17052
H:17053
H:17054
H:17055
H:17056
H:17057
H:17058
H:17059
H:17060
H:17061
H:17062
H:17063
H:17064
H:17065
H:17066
H:17067
H:17068
H:17069
H:17070
H:17071
H:17072
H:17073
H:17074
H:17075
H:17076
H:17077
H:17078
H:17079
H:17080
H:17081
H:17082
H:17083
H:17084
H:17085
H:17086
H:17087
H:17088
H:17089
H:17090
H:17091
H:17092
H:17093
H:17094
H:17095
H:17096
H:17097
H:17098
H:17099
H:17100
H:17101
H:17102
H:17103
H:17104
H:17105
H:17106
H:17107
H:17108
H:17109
H:17110
H:17111
H:17112
H:17113
H:17114
H:17115
H:17116
H:17117
H:17118
H:17119
H:17120
H:17121
H:17122
H:17123
H:17124
H:17125
H:17126
H:17127
H:17128
H:17129
H:17130
H:17131
H:17132
H:17133
H:17134
H:17135
H:17136
H:17137
H:17138
H:17139
H:17140
H:17141
H:17142
H:17143
H:17144
H:17145
H:17146
H:17147
H:17148
H:17149
H:17150
H:17151
H:17152
H:17153
H:17154
H:17155
H:17156
H:17157
H:17158
H:17159
H:17160
H:17161
H:17162
H:17163
H:17164
H:17165
H:17166
H:17167
H:17168
H:17169
H:17170
H:17171
H:17172
H:17173
H:17174
H:17175
H:17176
H:17177
H:17178
H:17179
H:17180
H:17181
H:17182
H:17183
H:17184
H:17185
H:17186
H:17187
H:17188
H:17189
H:17190
H:17191
H:17192
H:17193
H:17194
H:17195
H:17196
H:17197
H:17198
H:17199
H:17200
H:17201
H:17202
H:17203
H:17204
H:17205
H:17206
H:17207
H:17208
H:17209
H:17210
H:17211
H:17212
H:17213
H:17214
H:17215
H:17216
H:17217
H:17218
H:17219
H:17220
H:17221
H:17222
H:17223
H:17224
H:17225
H:17226
H:17227
H:17228
H:17229
H:17230
H:17231
H:17232
H:17233
H:17234
H:17235
H:17236
H:17237
H:17238
H:17239
H:17240
H:17241
H:17242
H:17243
H:17244
H:17245
H:17246
H:17247
H:17248
H:17249
H:17250
H:17251
H:17252
H:17253
H:17254
H:17255
H:17256
H:17257
H:17258
H:17259
H:17260
H:17261
H:17262
H:17263
H:17264
H:17265
H:17266
H:17267
H:17268
H:17269
H:17270
H:17271
H:17272
H:17273
H:17274
H:17275
H:17276
H:17277
H:17278
H:17279
H:17280
H:17281
H:17282
H:17283
H:17284
H:17285
H:17286
H:17287
H:17288
H:17289
H:17290
H:17291
H:17292
H:17293
H:17294
H:17295
H:17296
H:17297
H:17298
H:17299
H:17300
H:17301
H:17302
H:17303
H:17304
H:17305
H:17306
H:17307
H:17308
H:17309
H:17310
H:17311
H:17312
H:17313
H:17314
H:17315
H:17316
H:17317
H:17318
H:17319
H:17320
H:17321
H:17322
H:17323
H:17324
H:17325
H:17326
H:17327
H:17328
H:17329
H:17330
H:17331
H:17332
H:17333
H:17334
H:17335
H:17336
H:17337
H:17338
H:17339
H:17340
H:17341
H:17342
H:17343
H:17344
H:17345
H:17346
H:17347
H:17348
H:17349
H:17350
H:17351
H:17352
H:17353
H:17354
H:17355
H:17356
H:17357
H:17358
H:17359
H:17360
H:17361
H:17362
H:17363
H:17364
H:17365
H:17366
H:17367
H:17368
H:17369
H:17370
H:17371
H:17372
H:17373
H:17374
H:17375
H:17376
H:17377
H:17378
H:17379
H:17380
H:17381
H:17382
H:17383
H:17384
H:17385
H:17386
H:17387
H:17388
H:17389
H:17390
H:17391
H:17392
H:17393
H:17394
H:17395
H:17396
H:17397
H:17398
H:17399
H:17400
H:17401
H:17402
H:17403
H:17404
H:17405
H:17406
H:17407
H:17408
H:17409
H:17410
H:17411
H:17412
H:17413
H:17414
H:17415
H:17416
H:17417
H:17418
H:17419
H:17420
H:17421
H:17422
H:17423
H:17424
H:17425
H:17426
H:17427
H:17428
H:17429
H:17430
H:17431
H:17432
H:17433
H:17434
H:17435
H:17436
H:17437
H:17438
H:17439
H:17440
H:17441
H:17442
H:17443
H:17444
H:17445
H:17446
H:17447
H:17448
H:17449
H:17450
H:17451
H:17452
H:17453
H:17454
H:17455
H:17456
H:17457
H:17458
H:17459
H:17460
H:17461
H:17462
H:17463
H:17464
H:17465
H:17466
H:17467
H:17468
H:17469
H:17470
H:17471
H:17472
H:17473
H:17474
H:17475
H:17476
H:17477
H:17478
H:17479
H:17480
H:17481
H:17482
H:17483
H:17484
H:17485
H:17486
H:17487
H:17488
H:17489
H:17490
H:17491
H:17492
H:17493
H:17494
H:17495
H:17496
H:17497
H:17498
H:17499
H:17500
H:17501
H:17502
H:17503
H:17504
H:17505
H:17506
H:17507
H:17508
H:17509
H:17510
H:17511
H:17512
H:17513
H:17514
H:17515
H:17516
H:17517
H:17518
H:17519
H:17520
H:17521
H:17522
H:17523
H:17524
H:17525
H:17526
H:17527
H:17528
H:17529
H:17530
H:17531
H:17532
H:17533
H:17534
H:17535
H:17536
H:17537
H:17538
H:17539
H:17540
H:17541
H:17542
H:17543
H:17544
H:17545
H:17546
H:17547
H:17548
H:17549
H:17550
H:17551
H:17552
H:17553
H:17554
H:17555
H:17556
H:17557
H:17558
H:17559
H:17560
H:17561
H:17562
H:17563
H:17564
H:17565
H:17566
H:17567
H:17568
H:17569
H:17570
H:17571
H:17572
H:17573
H:17574
H:17575
H:17576
H:17577
H:17578
H:17579
H:17580
H:17581
H:17582
H:17583
H:17584
H:17585
H:17586
H:17587
H:17588
H:17589
H:17590
H:17591
H:17592
H:17593
H:17594
H:17595
H:17596
H:17597
H:17598
H:17599
H:17600
H:17601
H:17602
H:17603
H:17604
H:17605
H:17606
H:17607
H:17608
H:17609